time="2024-04-12T21:31:45+03:00" level=info msg="create router" func="main.main()" file="main.go:27"
time="2024-04-12T21:31:45+03:00" level=info msg="read application configuration" func="github.com/shynn12/biocad/internal/config.GetConfig.func1()" file="config.go:37"
time="2024-04-12T21:31:45+03:00" level=info msg="connceting DB" func="main.main()" file="main.go:32"
time="2024-04-12T21:31:45+03:00" level=info msg="initing RabbitMQ" func="main.main()" file="main.go:43"
time="2024-04-12T21:31:45+03:00" level=info msg="{TSVS 0 0}" func="github.com/shynn12/biocad/pkg/broker/rabbitmq.RbmInit()" file="rabbitmq.go:35"
time="2024-04-12T21:31:45+03:00" level=info msg="register user handler" func="main.main()" file="main.go:55"
time="2024-04-12T21:31:45+03:00" level=info msg="start application" func="main.start()" file="main.go:64"
time="2024-04-12T21:31:45+03:00" level=info msg="Successfuly connected to RabbitMQ instance" func="github.com/shynn12/biocad/internal/rabbitMQ/consumer.CreateTSV()" file="consumer.go:53"
time="2024-04-12T21:31:45+03:00" level=info msg="Listen tcp" func="main.start()" file="main.go:82"
time="2024-04-12T21:31:45+03:00" level=info msg="Waiting for messages" func="github.com/shynn12/biocad/internal/rabbitMQ/consumer.CreateTSV()" file="consumer.go:55"
time="2024-04-12T21:31:45+03:00" level=info msg="server is listening port 0.0.0.0:10000" func="main.start()" file="main.go:84"
time="2024-04-12T21:31:46+03:00" level=info msg=checking... func="github.com/shynn12/biocad/internal/rabbitMQ/publisher.Checker()" file="publisher.go:18"
time="2024-04-12T21:31:46+03:00" level=info msg="Found a new element example3.txt" func="github.com/shynn12/biocad/internal/rabbitMQ/publisher.Checker()" file="publisher.go:31"
time="2024-04-12T21:31:46+03:00" level=info msg="Recieved message: example3.txt" func="github.com/shynn12/biocad/internal/rabbitMQ/consumer.CreateTSV.func1()" file="consumer.go:32"
time="2024-04-12T21:31:46+03:00" level=info msg="scanner is good" func="github.com/shynn12/biocad/pkg/parser/tsv.Parse()" file="parser.go:22"
time="2024-04-12T21:31:46+03:00" level=info msg="Line: [1  0 G-044322 01749246-95f6-57db-b7c3-2ae0e8be671f cold7_Defrost_status      Разморозка          0 waiting 100   LOCAL cold7_status.Defrost_status   0 0]" func="github.com/shynn12/biocad/pkg/parser/tsv.Parse()" file="parser.go:28"
time="2024-04-12T21:31:46+03:00" level=info msg="Putting a data into structure" func="github.com/shynn12/biocad/pkg/parser/tsv.Parse()" file="parser.go:32"
time="2024-04-12T21:31:46+03:00" level=info msg="Line: [2  0 G-044322 01749246-95f6-57db-b7c3-2ae0e8be671f cold7_VentSK_status       Вентилятор          0 working 100   LOCAL cold7_status.VentSK_status   0 0]" func="github.com/shynn12/biocad/pkg/parser/tsv.Parse()" file="parser.go:28"
time="2024-04-12T21:31:46+03:00" level=info msg="Putting a data into structure" func="github.com/shynn12/biocad/pkg/parser/tsv.Parse()" file="parser.go:32"
time="2024-04-12T21:31:46+03:00" level=info msg="Line: [3  0 G-044322 01749246-95f6-57db-b7c3-2ae0e8be671f cold7_ComprSK_status      Компрессор          0 working 100   LOCAL cold7_status.ComprSK_status   0 0]" func="github.com/shynn12/biocad/pkg/parser/tsv.Parse()" file="parser.go:28"
time="2024-04-12T21:31:46+03:00" level=info msg="Putting a data into structure" func="github.com/shynn12/biocad/pkg/parser/tsv.Parse()" file="parser.go:32"
time="2024-04-12T21:31:46+03:00" level=info msg="Line: [4  0 G-044322 01749246-95f6-57db-b7c3-2ae0e8be671f cold7_Temp_Al_HH          Высокая температура 0 alarm   100   LOCAL cold7_status.Temp_Al_HH   0 0]" func="github.com/shynn12/biocad/pkg/parser/tsv.Parse()" file="parser.go:28"
time="2024-04-12T21:31:46+03:00" level=info msg="Putting a data into structure" func="github.com/shynn12/biocad/pkg/parser/tsv.Parse()" file="parser.go:32"
time="2024-04-12T21:31:46+03:00" level=info msg="Line: [5  0 G-044325 01749246-9617-585e-9e19-157ccad61ee2 cold78_Defrost_status     Разморозка          0 waiting 100   LOCAL cold78_status.Defrost_status   0 0]" func="github.com/shynn12/biocad/pkg/parser/tsv.Parse()" file="parser.go:28"
time="2024-04-12T21:31:46+03:00" level=info msg="Putting a data into structure" func="github.com/shynn12/biocad/pkg/parser/tsv.Parse()" file="parser.go:32"
time="2024-04-12T21:31:46+03:00" level=debug msg="create item" func="github.com/shynn12/biocad/internal/item/db.(*db).Create()" file="mongodb.go:23"
time="2024-04-12T21:31:46+03:00" level=debug msg="convert InsertedId to ObjectID" func="github.com/shynn12/biocad/internal/item/db.(*db).Create()" file="mongodb.go:29"
time="2024-04-12T21:31:46+03:00" level=debug msg="create item" func="github.com/shynn12/biocad/internal/item/db.(*db).Create()" file="mongodb.go:23"
time="2024-04-12T21:31:46+03:00" level=debug msg="convert InsertedId to ObjectID" func="github.com/shynn12/biocad/internal/item/db.(*db).Create()" file="mongodb.go:29"
time="2024-04-12T21:31:46+03:00" level=debug msg="create item" func="github.com/shynn12/biocad/internal/item/db.(*db).Create()" file="mongodb.go:23"
time="2024-04-12T21:31:46+03:00" level=debug msg="convert InsertedId to ObjectID" func="github.com/shynn12/biocad/internal/item/db.(*db).Create()" file="mongodb.go:29"
time="2024-04-12T21:31:46+03:00" level=debug msg="create item" func="github.com/shynn12/biocad/internal/item/db.(*db).Create()" file="mongodb.go:23"
time="2024-04-12T21:31:46+03:00" level=debug msg="convert InsertedId to ObjectID" func="github.com/shynn12/biocad/internal/item/db.(*db).Create()" file="mongodb.go:29"
time="2024-04-12T21:31:46+03:00" level=debug msg="create item" func="github.com/shynn12/biocad/internal/item/db.(*db).Create()" file="mongodb.go:23"
time="2024-04-12T21:31:46+03:00" level=debug msg="convert InsertedId to ObjectID" func="github.com/shynn12/biocad/internal/item/db.(*db).Create()" file="mongodb.go:29"
time="2024-04-12T21:31:47+03:00" level=info msg=checking... func="github.com/shynn12/biocad/internal/rabbitMQ/publisher.Checker()" file="publisher.go:18"
time="2024-04-12T21:31:48+03:00" level=info msg=checking... func="github.com/shynn12/biocad/internal/rabbitMQ/publisher.Checker()" file="publisher.go:18"
time="2024-04-12T21:31:49+03:00" level=info msg=checking... func="github.com/shynn12/biocad/internal/rabbitMQ/publisher.Checker()" file="publisher.go:18"
time="2024-04-12T21:31:50+03:00" level=info msg=checking... func="github.com/shynn12/biocad/internal/rabbitMQ/publisher.Checker()" file="publisher.go:18"
time="2024-04-12T21:31:51+03:00" level=info msg=checking... func="github.com/shynn12/biocad/internal/rabbitMQ/publisher.Checker()" file="publisher.go:18"
time="2024-04-12T21:31:52+03:00" level=info msg=checking... func="github.com/shynn12/biocad/internal/rabbitMQ/publisher.Checker()" file="publisher.go:18"
time="2024-04-12T21:31:53+03:00" level=info msg=checking... func="github.com/shynn12/biocad/internal/rabbitMQ/publisher.Checker()" file="publisher.go:18"
time="2024-04-12T21:31:54+03:00" level=info msg=checking... func="github.com/shynn12/biocad/internal/rabbitMQ/publisher.Checker()" file="publisher.go:18"
time="2024-04-12T21:31:55+03:00" level=info msg=checking... func="github.com/shynn12/biocad/internal/rabbitMQ/publisher.Checker()" file="publisher.go:18"
time="2024-04-12T21:31:56+03:00" level=info msg=checking... func="github.com/shynn12/biocad/internal/rabbitMQ/publisher.Checker()" file="publisher.go:18"
time="2024-04-12T21:31:57+03:00" level=info msg=checking... func="github.com/shynn12/biocad/internal/rabbitMQ/publisher.Checker()" file="publisher.go:18"
time="2024-04-12T21:31:58+03:00" level=info msg=checking... func="github.com/shynn12/biocad/internal/rabbitMQ/publisher.Checker()" file="publisher.go:18"
time="2024-04-12T21:31:59+03:00" level=info msg=checking... func="github.com/shynn12/biocad/internal/rabbitMQ/publisher.Checker()" file="publisher.go:18"
time="2024-04-12T21:32:00+03:00" level=info msg=checking... func="github.com/shynn12/biocad/internal/rabbitMQ/publisher.Checker()" file="publisher.go:18"
time="2024-04-12T21:32:01+03:00" level=info msg=checking... func="github.com/shynn12/biocad/internal/rabbitMQ/publisher.Checker()" file="publisher.go:18"
time="2024-04-12T21:32:02+03:00" level=info msg=checking... func="github.com/shynn12/biocad/internal/rabbitMQ/publisher.Checker()" file="publisher.go:18"
time="2024-04-12T21:32:03+03:00" level=info msg=checking... func="github.com/shynn12/biocad/internal/rabbitMQ/publisher.Checker()" file="publisher.go:18"
time="2024-04-12T21:32:04+03:00" level=info msg=checking... func="github.com/shynn12/biocad/internal/rabbitMQ/publisher.Checker()" file="publisher.go:18"
time="2024-04-12T21:32:05+03:00" level=info msg=checking... func="github.com/shynn12/biocad/internal/rabbitMQ/publisher.Checker()" file="publisher.go:18"
time="2024-04-12T21:32:06+03:00" level=info msg=checking... func="github.com/shynn12/biocad/internal/rabbitMQ/publisher.Checker()" file="publisher.go:18"
time="2024-04-12T21:32:07+03:00" level=info msg=checking... func="github.com/shynn12/biocad/internal/rabbitMQ/publisher.Checker()" file="publisher.go:18"
time="2024-04-12T21:32:08+03:00" level=info msg=checking... func="github.com/shynn12/biocad/internal/rabbitMQ/publisher.Checker()" file="publisher.go:18"
time="2024-04-12T21:32:09+03:00" level=info msg=checking... func="github.com/shynn12/biocad/internal/rabbitMQ/publisher.Checker()" file="publisher.go:18"
time="2024-04-12T21:32:10+03:00" level=info msg=checking... func="github.com/shynn12/biocad/internal/rabbitMQ/publisher.Checker()" file="publisher.go:18"
time="2024-04-12T21:32:11+03:00" level=info msg=checking... func="github.com/shynn12/biocad/internal/rabbitMQ/publisher.Checker()" file="publisher.go:18"
time="2024-04-12T21:32:12+03:00" level=info msg=checking... func="github.com/shynn12/biocad/internal/rabbitMQ/publisher.Checker()" file="publisher.go:18"
time="2024-04-12T21:32:13+03:00" level=info msg=checking... func="github.com/shynn12/biocad/internal/rabbitMQ/publisher.Checker()" file="publisher.go:18"
time="2024-04-12T21:32:14+03:00" level=info msg=checking... func="github.com/shynn12/biocad/internal/rabbitMQ/publisher.Checker()" file="publisher.go:18"
time="2024-04-12T21:32:15+03:00" level=info msg=checking... func="github.com/shynn12/biocad/internal/rabbitMQ/publisher.Checker()" file="publisher.go:18"
time="2024-04-12T21:32:16+03:00" level=info msg=checking... func="github.com/shynn12/biocad/internal/rabbitMQ/publisher.Checker()" file="publisher.go:18"
time="2024-04-12T21:32:17+03:00" level=info msg=checking... func="github.com/shynn12/biocad/internal/rabbitMQ/publisher.Checker()" file="publisher.go:18"
time="2024-04-12T21:32:18+03:00" level=info msg=checking... func="github.com/shynn12/biocad/internal/rabbitMQ/publisher.Checker()" file="publisher.go:18"
time="2024-04-12T21:32:19+03:00" level=info msg=checking... func="github.com/shynn12/biocad/internal/rabbitMQ/publisher.Checker()" file="publisher.go:18"
time="2024-04-12T21:32:20+03:00" level=info msg=checking... func="github.com/shynn12/biocad/internal/rabbitMQ/publisher.Checker()" file="publisher.go:18"
time="2024-04-12T21:32:21+03:00" level=info msg=checking... func="github.com/shynn12/biocad/internal/rabbitMQ/publisher.Checker()" file="publisher.go:18"
time="2024-04-12T21:32:22+03:00" level=info msg=checking... func="github.com/shynn12/biocad/internal/rabbitMQ/publisher.Checker()" file="publisher.go:18"
time="2024-04-12T21:32:23+03:00" level=info msg=checking... func="github.com/shynn12/biocad/internal/rabbitMQ/publisher.Checker()" file="publisher.go:18"
time="2024-04-12T21:32:24+03:00" level=info msg=checking... func="github.com/shynn12/biocad/internal/rabbitMQ/publisher.Checker()" file="publisher.go:18"
time="2024-04-12T21:32:25+03:00" level=info msg=checking... func="github.com/shynn12/biocad/internal/rabbitMQ/publisher.Checker()" file="publisher.go:18"
time="2024-04-12T21:32:26+03:00" level=info msg=checking... func="github.com/shynn12/biocad/internal/rabbitMQ/publisher.Checker()" file="publisher.go:18"
time="2024-04-12T21:32:27+03:00" level=info msg=checking... func="github.com/shynn12/biocad/internal/rabbitMQ/publisher.Checker()" file="publisher.go:18"
time="2024-04-12T21:32:28+03:00" level=info msg=checking... func="github.com/shynn12/biocad/internal/rabbitMQ/publisher.Checker()" file="publisher.go:18"
time="2024-04-12T21:32:29+03:00" level=info msg=checking... func="github.com/shynn12/biocad/internal/rabbitMQ/publisher.Checker()" file="publisher.go:18"
time="2024-04-12T21:32:30+03:00" level=info msg=checking... func="github.com/shynn12/biocad/internal/rabbitMQ/publisher.Checker()" file="publisher.go:18"
time="2024-04-12T21:32:31+03:00" level=info msg=checking... func="github.com/shynn12/biocad/internal/rabbitMQ/publisher.Checker()" file="publisher.go:18"
time="2024-04-12T21:32:32+03:00" level=info msg=checking... func="github.com/shynn12/biocad/internal/rabbitMQ/publisher.Checker()" file="publisher.go:18"
time="2024-04-12T21:32:33+03:00" level=info msg=checking... func="github.com/shynn12/biocad/internal/rabbitMQ/publisher.Checker()" file="publisher.go:18"
time="2024-04-12T21:32:34+03:00" level=info msg=checking... func="github.com/shynn12/biocad/internal/rabbitMQ/publisher.Checker()" file="publisher.go:18"
time="2024-04-12T21:32:35+03:00" level=info msg=checking... func="github.com/shynn12/biocad/internal/rabbitMQ/publisher.Checker()" file="publisher.go:18"
time="2024-04-12T21:32:36+03:00" level=info msg=checking... func="github.com/shynn12/biocad/internal/rabbitMQ/publisher.Checker()" file="publisher.go:18"
time="2024-04-12T21:38:40+03:00" level=info msg="create router" func="main.main()" file="main.go:27"
time="2024-04-12T21:38:40+03:00" level=info msg="read application configuration" func="github.com/shynn12/biocad/internal/config.GetConfig.func1()" file="config.go:38"
time="2024-04-12T21:38:40+03:00" level=info msg="connceting DB" func="main.main()" file="main.go:32"
time="2024-04-12T21:38:40+03:00" level=info msg="initing RabbitMQ" func="main.main()" file="main.go:43"
time="2024-04-12T21:38:40+03:00" level=info msg="{TSVS 0 0}" func="github.com/shynn12/biocad/pkg/broker/rabbitmq.RbmInit()" file="rabbitmq.go:35"
time="2024-04-12T21:38:40+03:00" level=info msg="register user handler" func="main.main()" file="main.go:55"
time="2024-04-12T21:38:40+03:00" level=info msg="start application" func="main.start()" file="main.go:64"
time="2024-04-12T21:38:40+03:00" level=info msg="Listen tcp" func="main.start()" file="main.go:82"
time="2024-04-12T21:38:40+03:00" level=info msg="Successfuly connected to RabbitMQ instance" func="github.com/shynn12/biocad/internal/rabbitMQ/consumer.CreateTSV()" file="consumer.go:53"
time="2024-04-12T21:38:40+03:00" level=info msg="Waiting for messages" func="github.com/shynn12/biocad/internal/rabbitMQ/consumer.CreateTSV()" file="consumer.go:55"
time="2024-04-12T21:38:40+03:00" level=info msg="server is listening port 0.0.0.0:10000" func="main.start()" file="main.go:84"
time="2024-04-12T21:38:41+03:00" level=info msg=checking... func="github.com/shynn12/biocad/internal/rabbitMQ/publisher.Checker()" file="publisher.go:18"
time="2024-04-12T21:38:41+03:00" level=info msg="Found a new element example3.txt" func="github.com/shynn12/biocad/internal/rabbitMQ/publisher.Checker()" file="publisher.go:31"
time="2024-04-12T21:38:41+03:00" level=info msg="Recieved message: example3.txt" func="github.com/shynn12/biocad/internal/rabbitMQ/consumer.CreateTSV.func1()" file="consumer.go:32"
time="2024-04-12T21:38:41+03:00" level=info msg="scanner is good" func="github.com/shynn12/biocad/pkg/parser/tsv.Parse()" file="parser.go:22"
time="2024-04-12T21:38:41+03:00" level=info msg="Line: [1  0 G-044322 01749246-95f6-57db-b7c3-2ae0e8be671f cold7_Defrost_status      Разморозка          0 waiting 100   LOCAL cold7_status.Defrost_status   0 0]" func="github.com/shynn12/biocad/pkg/parser/tsv.Parse()" file="parser.go:28"
time="2024-04-12T21:38:41+03:00" level=info msg="Putting a data into structure" func="github.com/shynn12/biocad/pkg/parser/tsv.Parse()" file="parser.go:32"
time="2024-04-12T21:38:41+03:00" level=info msg="Line: [2  0 G-044322 01749246-95f6-57db-b7c3-2ae0e8be671f cold7_VentSK_status       Вентилятор          0 working 100   LOCAL cold7_status.VentSK_status   0 0]" func="github.com/shynn12/biocad/pkg/parser/tsv.Parse()" file="parser.go:28"
time="2024-04-12T21:38:41+03:00" level=info msg="Putting a data into structure" func="github.com/shynn12/biocad/pkg/parser/tsv.Parse()" file="parser.go:32"
time="2024-04-12T21:38:41+03:00" level=info msg="Line: [3  0 G-044322 01749246-95f6-57db-b7c3-2ae0e8be671f cold7_ComprSK_status      Компрессор          0 working 100   LOCAL cold7_status.ComprSK_status   0 0]" func="github.com/shynn12/biocad/pkg/parser/tsv.Parse()" file="parser.go:28"
time="2024-04-12T21:38:41+03:00" level=info msg="Putting a data into structure" func="github.com/shynn12/biocad/pkg/parser/tsv.Parse()" file="parser.go:32"
time="2024-04-12T21:38:41+03:00" level=info msg="Line: [4  0 G-044322 01749246-95f6-57db-b7c3-2ae0e8be671f cold7_Temp_Al_HH          Высокая температура 0 alarm   100   LOCAL cold7_status.Temp_Al_HH   0 0]" func="github.com/shynn12/biocad/pkg/parser/tsv.Parse()" file="parser.go:28"
time="2024-04-12T21:38:41+03:00" level=info msg="Putting a data into structure" func="github.com/shynn12/biocad/pkg/parser/tsv.Parse()" file="parser.go:32"
time="2024-04-12T21:38:41+03:00" level=info msg="Line: [5  0 G-044325 01749246-9617-585e-9e19-157ccad61ee2 cold78_Defrost_status     Разморозка          0 waiting 100   LOCAL cold78_status.Defrost_status   0 0]" func="github.com/shynn12/biocad/pkg/parser/tsv.Parse()" file="parser.go:28"
time="2024-04-12T21:38:41+03:00" level=info msg="Putting a data into structure" func="github.com/shynn12/biocad/pkg/parser/tsv.Parse()" file="parser.go:32"
time="2024-04-12T21:38:41+03:00" level=debug msg="create item" func="github.com/shynn12/biocad/internal/item/db.(*db).Create()" file="mongodb.go:23"
time="2024-04-12T21:38:41+03:00" level=debug msg="convert InsertedId to ObjectID" func="github.com/shynn12/biocad/internal/item/db.(*db).Create()" file="mongodb.go:29"
time="2024-04-12T21:38:41+03:00" level=debug msg="create item" func="github.com/shynn12/biocad/internal/item/db.(*db).Create()" file="mongodb.go:23"
time="2024-04-12T21:38:41+03:00" level=debug msg="convert InsertedId to ObjectID" func="github.com/shynn12/biocad/internal/item/db.(*db).Create()" file="mongodb.go:29"
time="2024-04-12T21:38:41+03:00" level=debug msg="create item" func="github.com/shynn12/biocad/internal/item/db.(*db).Create()" file="mongodb.go:23"
time="2024-04-12T21:38:41+03:00" level=debug msg="convert InsertedId to ObjectID" func="github.com/shynn12/biocad/internal/item/db.(*db).Create()" file="mongodb.go:29"
time="2024-04-12T21:38:41+03:00" level=debug msg="create item" func="github.com/shynn12/biocad/internal/item/db.(*db).Create()" file="mongodb.go:23"
time="2024-04-12T21:38:41+03:00" level=debug msg="convert InsertedId to ObjectID" func="github.com/shynn12/biocad/internal/item/db.(*db).Create()" file="mongodb.go:29"
time="2024-04-12T21:38:41+03:00" level=debug msg="create item" func="github.com/shynn12/biocad/internal/item/db.(*db).Create()" file="mongodb.go:23"
time="2024-04-12T21:38:41+03:00" level=debug msg="convert InsertedId to ObjectID" func="github.com/shynn12/biocad/internal/item/db.(*db).Create()" file="mongodb.go:29"
time="2024-04-12T21:38:42+03:00" level=info msg=checking... func="github.com/shynn12/biocad/internal/rabbitMQ/publisher.Checker()" file="publisher.go:18"
time="2024-04-12T21:38:43+03:00" level=info msg=checking... func="github.com/shynn12/biocad/internal/rabbitMQ/publisher.Checker()" file="publisher.go:18"
time="2024-04-12T21:38:44+03:00" level=info msg=checking... func="github.com/shynn12/biocad/internal/rabbitMQ/publisher.Checker()" file="publisher.go:18"
time="2024-04-12T21:38:45+03:00" level=info msg=checking... func="github.com/shynn12/biocad/internal/rabbitMQ/publisher.Checker()" file="publisher.go:18"
time="2024-04-12T21:38:46+03:00" level=info msg=checking... func="github.com/shynn12/biocad/internal/rabbitMQ/publisher.Checker()" file="publisher.go:18"
time="2024-04-12T21:38:47+03:00" level=info msg=checking... func="github.com/shynn12/biocad/internal/rabbitMQ/publisher.Checker()" file="publisher.go:18"
time="2024-04-12T21:38:48+03:00" level=info msg=checking... func="github.com/shynn12/biocad/internal/rabbitMQ/publisher.Checker()" file="publisher.go:18"
time="2024-04-12T21:38:49+03:00" level=info msg=checking... func="github.com/shynn12/biocad/internal/rabbitMQ/publisher.Checker()" file="publisher.go:18"
time="2024-04-12T21:38:50+03:00" level=info msg=checking... func="github.com/shynn12/biocad/internal/rabbitMQ/publisher.Checker()" file="publisher.go:18"
time="2024-04-12T21:38:51+03:00" level=info msg=checking... func="github.com/shynn12/biocad/internal/rabbitMQ/publisher.Checker()" file="publisher.go:18"
time="2024-04-12T21:38:52+03:00" level=info msg=checking... func="github.com/shynn12/biocad/internal/rabbitMQ/publisher.Checker()" file="publisher.go:18"
time="2024-04-12T21:38:53+03:00" level=info msg=checking... func="github.com/shynn12/biocad/internal/rabbitMQ/publisher.Checker()" file="publisher.go:18"
time="2024-04-12T21:38:54+03:00" level=info msg=checking... func="github.com/shynn12/biocad/internal/rabbitMQ/publisher.Checker()" file="publisher.go:18"
time="2024-04-12T21:38:55+03:00" level=info msg=checking... func="github.com/shynn12/biocad/internal/rabbitMQ/publisher.Checker()" file="publisher.go:18"
time="2024-04-12T21:38:56+03:00" level=info msg=checking... func="github.com/shynn12/biocad/internal/rabbitMQ/publisher.Checker()" file="publisher.go:18"
time="2024-04-12T21:38:57+03:00" level=info msg=checking... func="github.com/shynn12/biocad/internal/rabbitMQ/publisher.Checker()" file="publisher.go:18"
time="2024-04-12T21:38:58+03:00" level=info msg=checking... func="github.com/shynn12/biocad/internal/rabbitMQ/publisher.Checker()" file="publisher.go:18"
time="2024-04-12T21:38:59+03:00" level=info msg=checking... func="github.com/shynn12/biocad/internal/rabbitMQ/publisher.Checker()" file="publisher.go:18"
time="2024-04-12T21:39:00+03:00" level=info msg=checking... func="github.com/shynn12/biocad/internal/rabbitMQ/publisher.Checker()" file="publisher.go:18"
time="2024-04-12T21:39:01+03:00" level=info msg=checking... func="github.com/shynn12/biocad/internal/rabbitMQ/publisher.Checker()" file="publisher.go:18"
time="2024-04-12T21:39:02+03:00" level=info msg=checking... func="github.com/shynn12/biocad/internal/rabbitMQ/publisher.Checker()" file="publisher.go:18"
time="2024-04-12T21:39:03+03:00" level=info msg=checking... func="github.com/shynn12/biocad/internal/rabbitMQ/publisher.Checker()" file="publisher.go:18"
time="2024-04-12T21:39:04+03:00" level=info msg=checking... func="github.com/shynn12/biocad/internal/rabbitMQ/publisher.Checker()" file="publisher.go:18"
time="2024-04-12T21:39:05+03:00" level=info msg=checking... func="github.com/shynn12/biocad/internal/rabbitMQ/publisher.Checker()" file="publisher.go:18"
time="2024-04-12T21:39:06+03:00" level=info msg=checking... func="github.com/shynn12/biocad/internal/rabbitMQ/publisher.Checker()" file="publisher.go:18"
time="2024-04-12T21:39:07+03:00" level=info msg=checking... func="github.com/shynn12/biocad/internal/rabbitMQ/publisher.Checker()" file="publisher.go:18"
time="2024-04-12T21:39:08+03:00" level=info msg=checking... func="github.com/shynn12/biocad/internal/rabbitMQ/publisher.Checker()" file="publisher.go:18"
time="2024-04-12T21:39:09+03:00" level=info msg=checking... func="github.com/shynn12/biocad/internal/rabbitMQ/publisher.Checker()" file="publisher.go:18"
time="2024-04-12T21:39:10+03:00" level=info msg=checking... func="github.com/shynn12/biocad/internal/rabbitMQ/publisher.Checker()" file="publisher.go:18"
time="2024-04-12T21:39:11+03:00" level=info msg=checking... func="github.com/shynn12/biocad/internal/rabbitMQ/publisher.Checker()" file="publisher.go:18"
time="2024-04-12T21:39:12+03:00" level=info msg=checking... func="github.com/shynn12/biocad/internal/rabbitMQ/publisher.Checker()" file="publisher.go:18"
time="2024-04-12T21:39:13+03:00" level=info msg=checking... func="github.com/shynn12/biocad/internal/rabbitMQ/publisher.Checker()" file="publisher.go:18"
time="2024-04-12T21:39:14+03:00" level=info msg=checking... func="github.com/shynn12/biocad/internal/rabbitMQ/publisher.Checker()" file="publisher.go:18"
time="2024-04-12T21:39:15+03:00" level=info msg=checking... func="github.com/shynn12/biocad/internal/rabbitMQ/publisher.Checker()" file="publisher.go:18"
time="2024-04-12T21:39:16+03:00" level=info msg=checking... func="github.com/shynn12/biocad/internal/rabbitMQ/publisher.Checker()" file="publisher.go:18"
time="2024-04-12T21:39:17+03:00" level=info msg=checking... func="github.com/shynn12/biocad/internal/rabbitMQ/publisher.Checker()" file="publisher.go:18"
time="2024-04-12T21:39:18+03:00" level=info msg=checking... func="github.com/shynn12/biocad/internal/rabbitMQ/publisher.Checker()" file="publisher.go:18"
time="2024-04-12T21:39:19+03:00" level=info msg=checking... func="github.com/shynn12/biocad/internal/rabbitMQ/publisher.Checker()" file="publisher.go:18"
time="2024-04-12T21:39:20+03:00" level=info msg=checking... func="github.com/shynn12/biocad/internal/rabbitMQ/publisher.Checker()" file="publisher.go:18"
time="2024-04-12T21:39:21+03:00" level=info msg=checking... func="github.com/shynn12/biocad/internal/rabbitMQ/publisher.Checker()" file="publisher.go:18"
time="2024-04-12T21:39:22+03:00" level=info msg=checking... func="github.com/shynn12/biocad/internal/rabbitMQ/publisher.Checker()" file="publisher.go:18"
time="2024-04-12T21:39:23+03:00" level=info msg=checking... func="github.com/shynn12/biocad/internal/rabbitMQ/publisher.Checker()" file="publisher.go:18"
time="2024-04-12T21:39:24+03:00" level=info msg=checking... func="github.com/shynn12/biocad/internal/rabbitMQ/publisher.Checker()" file="publisher.go:18"
time="2024-04-12T21:39:25+03:00" level=info msg=checking... func="github.com/shynn12/biocad/internal/rabbitMQ/publisher.Checker()" file="publisher.go:18"
time="2024-04-12T21:39:26+03:00" level=info msg=checking... func="github.com/shynn12/biocad/internal/rabbitMQ/publisher.Checker()" file="publisher.go:18"
time="2024-04-12T21:39:27+03:00" level=info msg=checking... func="github.com/shynn12/biocad/internal/rabbitMQ/publisher.Checker()" file="publisher.go:18"
time="2024-04-12T21:39:28+03:00" level=info msg=checking... func="github.com/shynn12/biocad/internal/rabbitMQ/publisher.Checker()" file="publisher.go:18"
time="2024-04-12T21:39:29+03:00" level=info msg=checking... func="github.com/shynn12/biocad/internal/rabbitMQ/publisher.Checker()" file="publisher.go:18"
time="2024-04-12T21:39:30+03:00" level=info msg=checking... func="github.com/shynn12/biocad/internal/rabbitMQ/publisher.Checker()" file="publisher.go:18"
time="2024-04-12T21:39:31+03:00" level=info msg=checking... func="github.com/shynn12/biocad/internal/rabbitMQ/publisher.Checker()" file="publisher.go:18"
time="2024-04-12T21:39:32+03:00" level=info msg=checking... func="github.com/shynn12/biocad/internal/rabbitMQ/publisher.Checker()" file="publisher.go:18"
time="2024-04-12T21:39:33+03:00" level=info msg=checking... func="github.com/shynn12/biocad/internal/rabbitMQ/publisher.Checker()" file="publisher.go:18"
time="2024-04-12T21:39:34+03:00" level=info msg=checking... func="github.com/shynn12/biocad/internal/rabbitMQ/publisher.Checker()" file="publisher.go:18"
time="2024-04-12T21:39:35+03:00" level=info msg=checking... func="github.com/shynn12/biocad/internal/rabbitMQ/publisher.Checker()" file="publisher.go:18"
time="2024-04-12T21:39:36+03:00" level=info msg=checking... func="github.com/shynn12/biocad/internal/rabbitMQ/publisher.Checker()" file="publisher.go:18"
time="2024-04-12T21:39:37+03:00" level=info msg=checking... func="github.com/shynn12/biocad/internal/rabbitMQ/publisher.Checker()" file="publisher.go:18"
time="2024-04-12T21:39:38+03:00" level=info msg=checking... func="github.com/shynn12/biocad/internal/rabbitMQ/publisher.Checker()" file="publisher.go:18"
time="2024-04-12T21:39:39+03:00" level=info msg=checking... func="github.com/shynn12/biocad/internal/rabbitMQ/publisher.Checker()" file="publisher.go:18"
time="2024-04-12T21:39:40+03:00" level=info msg=checking... func="github.com/shynn12/biocad/internal/rabbitMQ/publisher.Checker()" file="publisher.go:18"
time="2024-04-12T21:39:41+03:00" level=info msg=checking... func="github.com/shynn12/biocad/internal/rabbitMQ/publisher.Checker()" file="publisher.go:18"
time="2024-04-12T21:39:42+03:00" level=info msg=checking... func="github.com/shynn12/biocad/internal/rabbitMQ/publisher.Checker()" file="publisher.go:18"
time="2024-04-12T21:39:43+03:00" level=info msg=checking... func="github.com/shynn12/biocad/internal/rabbitMQ/publisher.Checker()" file="publisher.go:18"
time="2024-04-12T21:39:44+03:00" level=info msg=checking... func="github.com/shynn12/biocad/internal/rabbitMQ/publisher.Checker()" file="publisher.go:18"
time="2024-04-12T21:39:45+03:00" level=info msg=checking... func="github.com/shynn12/biocad/internal/rabbitMQ/publisher.Checker()" file="publisher.go:18"
time="2024-04-12T21:39:46+03:00" level=info msg=checking... func="github.com/shynn12/biocad/internal/rabbitMQ/publisher.Checker()" file="publisher.go:18"
time="2024-04-12T21:39:47+03:00" level=info msg=checking... func="github.com/shynn12/biocad/internal/rabbitMQ/publisher.Checker()" file="publisher.go:18"
time="2024-04-12T21:39:48+03:00" level=info msg=checking... func="github.com/shynn12/biocad/internal/rabbitMQ/publisher.Checker()" file="publisher.go:18"
time="2024-04-12T21:39:49+03:00" level=info msg=checking... func="github.com/shynn12/biocad/internal/rabbitMQ/publisher.Checker()" file="publisher.go:18"
time="2024-04-12T21:39:50+03:00" level=info msg=checking... func="github.com/shynn12/biocad/internal/rabbitMQ/publisher.Checker()" file="publisher.go:18"
time="2024-04-12T21:39:51+03:00" level=info msg=checking... func="github.com/shynn12/biocad/internal/rabbitMQ/publisher.Checker()" file="publisher.go:18"
time="2024-04-12T21:39:52+03:00" level=info msg=checking... func="github.com/shynn12/biocad/internal/rabbitMQ/publisher.Checker()" file="publisher.go:18"
time="2024-04-12T21:39:53+03:00" level=info msg=checking... func="github.com/shynn12/biocad/internal/rabbitMQ/publisher.Checker()" file="publisher.go:18"
time="2024-04-12T21:39:54+03:00" level=info msg=checking... func="github.com/shynn12/biocad/internal/rabbitMQ/publisher.Checker()" file="publisher.go:18"
time="2024-04-12T21:39:55+03:00" level=info msg=checking... func="github.com/shynn12/biocad/internal/rabbitMQ/publisher.Checker()" file="publisher.go:18"
time="2024-04-12T21:39:56+03:00" level=info msg=checking... func="github.com/shynn12/biocad/internal/rabbitMQ/publisher.Checker()" file="publisher.go:18"
time="2024-04-12T21:39:57+03:00" level=info msg=checking... func="github.com/shynn12/biocad/internal/rabbitMQ/publisher.Checker()" file="publisher.go:18"
time="2024-04-12T21:39:58+03:00" level=info msg=checking... func="github.com/shynn12/biocad/internal/rabbitMQ/publisher.Checker()" file="publisher.go:18"
time="2024-04-12T21:39:59+03:00" level=info msg=checking... func="github.com/shynn12/biocad/internal/rabbitMQ/publisher.Checker()" file="publisher.go:18"
time="2024-04-12T21:40:00+03:00" level=info msg=checking... func="github.com/shynn12/biocad/internal/rabbitMQ/publisher.Checker()" file="publisher.go:18"
time="2024-04-12T21:40:01+03:00" level=info msg=checking... func="github.com/shynn12/biocad/internal/rabbitMQ/publisher.Checker()" file="publisher.go:18"
time="2024-04-12T21:40:02+03:00" level=info msg=checking... func="github.com/shynn12/biocad/internal/rabbitMQ/publisher.Checker()" file="publisher.go:18"
time="2024-04-12T21:40:03+03:00" level=info msg=checking... func="github.com/shynn12/biocad/internal/rabbitMQ/publisher.Checker()" file="publisher.go:18"
time="2024-04-12T21:40:04+03:00" level=info msg=checking... func="github.com/shynn12/biocad/internal/rabbitMQ/publisher.Checker()" file="publisher.go:18"
time="2024-04-12T21:40:05+03:00" level=info msg=checking... func="github.com/shynn12/biocad/internal/rabbitMQ/publisher.Checker()" file="publisher.go:18"
time="2024-04-12T21:40:06+03:00" level=info msg=checking... func="github.com/shynn12/biocad/internal/rabbitMQ/publisher.Checker()" file="publisher.go:18"
time="2024-04-12T21:40:07+03:00" level=info msg=checking... func="github.com/shynn12/biocad/internal/rabbitMQ/publisher.Checker()" file="publisher.go:18"
time="2024-04-12T21:40:08+03:00" level=info msg=checking... func="github.com/shynn12/biocad/internal/rabbitMQ/publisher.Checker()" file="publisher.go:18"
time="2024-04-12T21:40:09+03:00" level=info msg=checking... func="github.com/shynn12/biocad/internal/rabbitMQ/publisher.Checker()" file="publisher.go:18"
time="2024-04-12T21:40:10+03:00" level=info msg=checking... func="github.com/shynn12/biocad/internal/rabbitMQ/publisher.Checker()" file="publisher.go:18"
time="2024-04-12T21:40:11+03:00" level=info msg=checking... func="github.com/shynn12/biocad/internal/rabbitMQ/publisher.Checker()" file="publisher.go:18"
time="2024-04-12T21:40:12+03:00" level=info msg=checking... func="github.com/shynn12/biocad/internal/rabbitMQ/publisher.Checker()" file="publisher.go:18"
time="2024-04-12T21:40:13+03:00" level=info msg=checking... func="github.com/shynn12/biocad/internal/rabbitMQ/publisher.Checker()" file="publisher.go:18"
time="2024-04-12T21:40:14+03:00" level=info msg=checking... func="github.com/shynn12/biocad/internal/rabbitMQ/publisher.Checker()" file="publisher.go:18"
time="2024-04-12T21:40:15+03:00" level=info msg=checking... func="github.com/shynn12/biocad/internal/rabbitMQ/publisher.Checker()" file="publisher.go:18"
time="2024-04-12T21:40:16+03:00" level=info msg=checking... func="github.com/shynn12/biocad/internal/rabbitMQ/publisher.Checker()" file="publisher.go:18"
time="2024-04-12T21:40:17+03:00" level=info msg=checking... func="github.com/shynn12/biocad/internal/rabbitMQ/publisher.Checker()" file="publisher.go:18"
time="2024-04-12T21:40:18+03:00" level=info msg=checking... func="github.com/shynn12/biocad/internal/rabbitMQ/publisher.Checker()" file="publisher.go:18"
time="2024-04-12T21:40:19+03:00" level=info msg=checking... func="github.com/shynn12/biocad/internal/rabbitMQ/publisher.Checker()" file="publisher.go:18"
time="2024-04-12T21:40:20+03:00" level=info msg=checking... func="github.com/shynn12/biocad/internal/rabbitMQ/publisher.Checker()" file="publisher.go:18"
time="2024-04-12T21:40:21+03:00" level=info msg=checking... func="github.com/shynn12/biocad/internal/rabbitMQ/publisher.Checker()" file="publisher.go:18"
time="2024-04-12T21:40:22+03:00" level=info msg=checking... func="github.com/shynn12/biocad/internal/rabbitMQ/publisher.Checker()" file="publisher.go:18"
time="2024-04-12T21:40:23+03:00" level=info msg=checking... func="github.com/shynn12/biocad/internal/rabbitMQ/publisher.Checker()" file="publisher.go:18"
time="2024-04-12T21:40:24+03:00" level=info msg=checking... func="github.com/shynn12/biocad/internal/rabbitMQ/publisher.Checker()" file="publisher.go:18"
time="2024-04-12T21:40:25+03:00" level=info msg=checking... func="github.com/shynn12/biocad/internal/rabbitMQ/publisher.Checker()" file="publisher.go:18"
time="2024-04-12T21:40:26+03:00" level=info msg=checking... func="github.com/shynn12/biocad/internal/rabbitMQ/publisher.Checker()" file="publisher.go:18"
time="2024-04-12T21:40:27+03:00" level=info msg=checking... func="github.com/shynn12/biocad/internal/rabbitMQ/publisher.Checker()" file="publisher.go:18"
time="2024-04-12T21:40:28+03:00" level=info msg=checking... func="github.com/shynn12/biocad/internal/rabbitMQ/publisher.Checker()" file="publisher.go:18"
time="2024-04-12T21:40:29+03:00" level=info msg=checking... func="github.com/shynn12/biocad/internal/rabbitMQ/publisher.Checker()" file="publisher.go:18"
time="2024-04-12T21:40:30+03:00" level=info msg=checking... func="github.com/shynn12/biocad/internal/rabbitMQ/publisher.Checker()" file="publisher.go:18"
time="2024-04-12T21:40:31+03:00" level=info msg=checking... func="github.com/shynn12/biocad/internal/rabbitMQ/publisher.Checker()" file="publisher.go:18"
time="2024-04-12T21:40:32+03:00" level=info msg=checking... func="github.com/shynn12/biocad/internal/rabbitMQ/publisher.Checker()" file="publisher.go:18"
time="2024-04-12T21:40:33+03:00" level=info msg=checking... func="github.com/shynn12/biocad/internal/rabbitMQ/publisher.Checker()" file="publisher.go:18"
time="2024-04-12T21:40:34+03:00" level=info msg=checking... func="github.com/shynn12/biocad/internal/rabbitMQ/publisher.Checker()" file="publisher.go:18"
time="2024-04-12T21:40:35+03:00" level=info msg=checking... func="github.com/shynn12/biocad/internal/rabbitMQ/publisher.Checker()" file="publisher.go:18"
time="2024-04-12T21:40:36+03:00" level=info msg=checking... func="github.com/shynn12/biocad/internal/rabbitMQ/publisher.Checker()" file="publisher.go:18"
time="2024-04-12T21:40:37+03:00" level=info msg=checking... func="github.com/shynn12/biocad/internal/rabbitMQ/publisher.Checker()" file="publisher.go:18"
time="2024-04-12T21:40:38+03:00" level=info msg=checking... func="github.com/shynn12/biocad/internal/rabbitMQ/publisher.Checker()" file="publisher.go:18"
time="2024-04-12T21:40:39+03:00" level=info msg=checking... func="github.com/shynn12/biocad/internal/rabbitMQ/publisher.Checker()" file="publisher.go:18"
time="2024-04-12T21:40:40+03:00" level=info msg=checking... func="github.com/shynn12/biocad/internal/rabbitMQ/publisher.Checker()" file="publisher.go:18"
time="2024-04-12T21:40:41+03:00" level=info msg=checking... func="github.com/shynn12/biocad/internal/rabbitMQ/publisher.Checker()" file="publisher.go:18"
time="2024-04-12T21:40:42+03:00" level=info msg=checking... func="github.com/shynn12/biocad/internal/rabbitMQ/publisher.Checker()" file="publisher.go:18"
time="2024-04-12T21:40:43+03:00" level=info msg=checking... func="github.com/shynn12/biocad/internal/rabbitMQ/publisher.Checker()" file="publisher.go:18"
time="2024-04-12T21:40:44+03:00" level=info msg=checking... func="github.com/shynn12/biocad/internal/rabbitMQ/publisher.Checker()" file="publisher.go:18"
time="2024-04-12T21:40:45+03:00" level=info msg=checking... func="github.com/shynn12/biocad/internal/rabbitMQ/publisher.Checker()" file="publisher.go:18"
time="2024-04-12T21:40:46+03:00" level=info msg=checking... func="github.com/shynn12/biocad/internal/rabbitMQ/publisher.Checker()" file="publisher.go:18"
time="2024-04-12T21:40:47+03:00" level=info msg=checking... func="github.com/shynn12/biocad/internal/rabbitMQ/publisher.Checker()" file="publisher.go:18"
time="2024-04-12T21:40:48+03:00" level=info msg=checking... func="github.com/shynn12/biocad/internal/rabbitMQ/publisher.Checker()" file="publisher.go:18"
time="2024-04-12T21:40:49+03:00" level=info msg=checking... func="github.com/shynn12/biocad/internal/rabbitMQ/publisher.Checker()" file="publisher.go:18"
time="2024-04-12T21:40:50+03:00" level=info msg=checking... func="github.com/shynn12/biocad/internal/rabbitMQ/publisher.Checker()" file="publisher.go:18"
time="2024-04-12T21:40:51+03:00" level=info msg=checking... func="github.com/shynn12/biocad/internal/rabbitMQ/publisher.Checker()" file="publisher.go:18"
time="2024-04-12T21:40:52+03:00" level=info msg=checking... func="github.com/shynn12/biocad/internal/rabbitMQ/publisher.Checker()" file="publisher.go:18"
time="2024-04-12T21:40:53+03:00" level=info msg=checking... func="github.com/shynn12/biocad/internal/rabbitMQ/publisher.Checker()" file="publisher.go:18"
time="2024-04-12T21:40:54+03:00" level=info msg=checking... func="github.com/shynn12/biocad/internal/rabbitMQ/publisher.Checker()" file="publisher.go:18"
time="2024-04-12T21:40:55+03:00" level=info msg=checking... func="github.com/shynn12/biocad/internal/rabbitMQ/publisher.Checker()" file="publisher.go:18"
time="2024-04-12T21:40:56+03:00" level=info msg=checking... func="github.com/shynn12/biocad/internal/rabbitMQ/publisher.Checker()" file="publisher.go:18"
time="2024-04-12T21:40:57+03:00" level=info msg=checking... func="github.com/shynn12/biocad/internal/rabbitMQ/publisher.Checker()" file="publisher.go:18"
time="2024-04-12T21:40:58+03:00" level=info msg=checking... func="github.com/shynn12/biocad/internal/rabbitMQ/publisher.Checker()" file="publisher.go:18"
time="2024-04-12T21:40:59+03:00" level=info msg=checking... func="github.com/shynn12/biocad/internal/rabbitMQ/publisher.Checker()" file="publisher.go:18"
time="2024-04-12T21:41:00+03:00" level=info msg=checking... func="github.com/shynn12/biocad/internal/rabbitMQ/publisher.Checker()" file="publisher.go:18"
time="2024-04-12T21:41:01+03:00" level=info msg=checking... func="github.com/shynn12/biocad/internal/rabbitMQ/publisher.Checker()" file="publisher.go:18"
time="2024-04-12T21:41:02+03:00" level=info msg=checking... func="github.com/shynn12/biocad/internal/rabbitMQ/publisher.Checker()" file="publisher.go:18"
time="2024-04-12T21:41:03+03:00" level=info msg=checking... func="github.com/shynn12/biocad/internal/rabbitMQ/publisher.Checker()" file="publisher.go:18"
time="2024-04-12T21:41:04+03:00" level=info msg=checking... func="github.com/shynn12/biocad/internal/rabbitMQ/publisher.Checker()" file="publisher.go:18"
time="2024-04-12T21:41:05+03:00" level=info msg=checking... func="github.com/shynn12/biocad/internal/rabbitMQ/publisher.Checker()" file="publisher.go:18"
